2024-09-01 11:36:12,306 [scrapy.addons] INFO: Enabled addons:
[]
2024-09-01 11:36:12,307 [scrapy.utils.log] DEBUG: Using reactor: twisted.internet.asyncioreactor.AsyncioSelectorReactor
2024-09-01 11:36:12,308 [scrapy.utils.log] DEBUG: Using asyncio event loop: asyncio.unix_events._UnixSelectorEventLoop
2024-09-01 11:36:12,334 [scrapy.extensions.telnet] INFO: Telnet Password: 2fe6f5d04907f081
2024-09-01 11:36:12,418 [scrapy.middleware] INFO: Enabled extensions:
['scrapy.extensions.corestats.CoreStats',
 'scrapy.extensions.telnet.TelnetConsole',
 'scrapy.extensions.memusage.MemoryUsage',
 'scrapy.extensions.logstats.LogStats']
2024-09-01 11:36:12,419 [scrapy.crawler] INFO: Overridden settings:
{'BOT_NAME': 'scrape',
 'CONCURRENT_REQUESTS': 64,
 'COOKIES_ENABLED': False,
 'DOWNLOAD_DELAY': 0.3824263374123624,
 'DOWNLOAD_TIMEOUT': 120,
 'FEED_EXPORT_ENCODING': 'utf-8',
 'LOG_LEVEL': 'INFO',
 'LOG_STDOUT': True,
 'NEWSPIDER_MODULE': 'scrape.spiders',
 'REDIRECT_MAX_TIMES': 10,
 'REQUEST_FINGERPRINTER_IMPLEMENTATION': '2.7',
 'RETRY_HTTP_CODES': [429, 500, 502, 503, 504],
 'RETRY_TIMES': 3,
 'SPIDER_MODULES': ['scrape.spiders'],
 'TWISTED_REACTOR': 'twisted.internet.asyncioreactor.AsyncioSelectorReactor',
 'USER_AGENT': 'Mozilla/5.0 (Windows NT 10.0; Win64; x64) AppleWebKit/537.36 '
               '(KHTML, like Gecko) Chrome/85.0.4183.121 Safari/537.36'}
2024-09-01 11:36:12,750 [scrapy.middleware] INFO: Enabled downloader middlewares:
['scrapy.downloadermiddlewares.offsite.OffsiteMiddleware',
 'scrapy.downloadermiddlewares.httpauth.HttpAuthMiddleware',
 'scrapy.downloadermiddlewares.downloadtimeout.DownloadTimeoutMiddleware',
 'scrapy.downloadermiddlewares.defaultheaders.DefaultHeadersMiddleware',
 'scrapy.downloadermiddlewares.useragent.UserAgentMiddleware',
 'scrapy.downloadermiddlewares.retry.RetryMiddleware',
 'scrapy.downloadermiddlewares.redirect.MetaRefreshMiddleware',
 'scrapy.downloadermiddlewares.httpcompression.HttpCompressionMiddleware',
 'scrapy.downloadermiddlewares.redirect.RedirectMiddleware',
 'scrapy.downloadermiddlewares.httpproxy.HttpProxyMiddleware',
 'scrapy.downloadermiddlewares.stats.DownloaderStats']
2024-09-01 11:36:12,760 [scrapy.middleware] INFO: Enabled spider middlewares:
['scrapy.spidermiddlewares.httperror.HttpErrorMiddleware',
 'scrapy.spidermiddlewares.referer.RefererMiddleware',
 'scrapy.spidermiddlewares.urllength.UrlLengthMiddleware',
 'scrapy.spidermiddlewares.depth.DepthMiddleware']
2024-09-01 11:36:12,760 [scrapy.middleware] INFO: Enabled item pipelines:
[]
2024-09-01 11:36:12,760 [scrapy.core.engine] INFO: Spider opened
2024-09-01 11:36:12,956 [scrapy.extensions.logstats] INFO: Crawled 0 pages (at 0 pages/min), scraped 0 items (at 0 items/min)
2024-09-01 11:36:12,957 [scrapy.extensions.telnet] INFO: Telnet console listening on 127.0.0.1:6023
2024-09-01 11:36:12,958 [scrapy.core.engine] ERROR: Error while obtaining start requests
Traceback (most recent call last):
  File "/Users/davidnellis/src/pi-portal/utils/scrape/.venv/lib/python3.12/site-packages/scrapy/core/engine.py", line 182, in _next_request
    request = next(self.slot.start_requests)
              ^^^^^^^^^^^^^^^^^^^^^^^^^^^^^^
  File "/Users/davidnellis/src/pi-portal/utils/scrape/scrape/spiders/regs_spider.py", line 67, in start_requests
    with open('C:/Users/loren/OneDrive/Documents/Python Scripts/pi-portal/pi-portal/public/documents.json', 'r') as f:
         ^^^^^^^^^^^^^^^^^^^^^^^^^^^^^^^^^^^^^^^^^^^^^^^^^^^^^^^^^^^^^^^^^^^^^^^^^^^^^^^^^^^^^^^^^^^^^^^^^^^^^^^
FileNotFoundError: [Errno 2] No such file or directory: 'C:/Users/loren/OneDrive/Documents/Python Scripts/pi-portal/pi-portal/public/documents.json'
2024-09-01 11:36:12,960 [scrapy.core.engine] INFO: Closing spider (finished)
2024-09-01 11:36:12,961 [scrapy.statscollectors] INFO: Dumping Scrapy stats:
{'elapsed_time_seconds': 0.00532,
 'finish_reason': 'finished',
 'finish_time': datetime.datetime(2024, 9, 1, 17, 36, 12, 960933, tzinfo=datetime.timezone.utc),
 'log_count/ERROR': 1,
 'log_count/INFO': 10,
 'memusage/max': 59392000,
 'memusage/startup': 59392000,
 'start_time': datetime.datetime(2024, 9, 1, 17, 36, 12, 955613, tzinfo=datetime.timezone.utc)}
2024-09-01 11:36:12,961 [scrapy.core.engine] INFO: Spider closed (finished)
